[     515ms] [ERROR] The Content Security Policy directive 'upgrade-insecure-requests' is ignored when delivered in a report-only policy. @ https://www.ebay.com/splashui/challenge?ap=1&appName=orch&ru=https%3A%2F%2Fwww.ebay.com%2Fsch%2Fi.html%3F_nkw%3Dsegway&iid=18b74654-8845-46f4-959a-041fafab2b49&iim=AMTkwLjc&iia=ptg0Ljg4ID&iiz=pNyLjIwMw**cNx:0
[    2170ms] [WARNING] Failed to decode downloaded font: data:application/octet-stream;base64,d09GMgABAAAAAAUAAA0AAAAADdwAAASrAAEAAAAAAAAAAAAAAAAAAAAAAAAAAAAAP0ZGVE0cGhgGYACDLBEICoZAhTMLMgABNgIkA2AEIAWMEgdSGzgMEdWkGQN8cZDJ9Zg7pzKfphgbYyOGv23fVFTRRHM/nuffrv/2uXVbVf2kARDJSOVIioRoopkcUE68lf9o0AGQa93w+d//4Pfq9Npl6vhLFKKtgKAnn2MFJAts1+OSYezBsXyssAfL+8ilYYptd59Ji2jKskjbdB5F4yrMpPF8gJvIAAc6hwHidAznM5EZzzwRAt+e9tT4/XGVsLJbcOIQfqx90UGXUQhNweg6mEk2LBMBYQjWIsFRAHkVS6wr3x6QwA/+lnBwAFJUt6luQZy+nReuEeYg8BWuHYO/sU6tbgGqZxMYZP4BYlIJWss2AQ0qoKcPBoYYaXUYYwowbcasOcxbsAiWwDLpE0AKCg...TdzynVgj4waenUMAnYkJto1Oo9PBTKezyWKcdCsseDcJMK9iYT6Or2BaJjs8s5GkSf/RqSm7vH6KAVrrDgeorDF9nCTX4pRUbq838MaSOiY6MDnVW9MET/M8vmDqB0Pvyb6RrcoGWUGdLGaPnMzitANmgHSvcWSgoI3Vugn9WcDgRKQkgH1WpRFBWfDh/CthVpprT5i2u7tLngC/rjmuSPDQ9y9CcnmVc5g8b2nU2MkCiPeHC4PT92KIRjQjUcOhG9ZY4QDHhflDjTsrKDRr3VxqmYqkkwGns564x38CA0zo2XZx3IJiq+baeVQL9db7QruJ2w8AzHMTvbZYaEC8ZFrEgms6lHTzdogx0iKJ0b1af9dFyt0zXVDNy9aPvCDuvbSm3H+6LEmZaVHTTqrfZtjurs5awz5gQeBG39soxOV+c367frjXbl4t8ue0xoA95+tU9Y6e2IdfEVIhAm1AnM18oXiOaQF7eyttXsHB6fnJ5f3t7dPzw9v7x/pQA= @ https://www.ebay.com/sch/i.html?_nkw=segway:224
[    2170ms] [WARNING] OTS parsing error: Failed to convert WOFF 2.0 font to SFNT @ https://www.ebay.com/sch/i.html?_nkw=segway:224
[    2243ms] [WARNING] Failed to decode downloaded font: data:application/octet-stream;base64,d09GMgABAAAAAAUAAA0AAAAADdwAAASrAAEAAAAAAAAAAAAAAAAAAAAAAAAAAAAAP0ZGVE0cGhgGYACDLBEICoZAhTMLMgABNgIkA2AEIAWMEgdSGzgMEdWkGQN8cZDJ9Zg7pzKfphgbYyOGv23fVFTRRHM/nuffrv/2uXVbVf2kARDJSOVIioRoopkcUE68lf9o0AGQa93w+d//4Pfq9Npl6vhLFKKtgKAnn2MFJAts1+OSYezBsXyssAfL+8ilYYptd59Ji2jKskjbdB5F4yrMpPF8gJvIAAc6hwHidAznM5EZzzwRAt+e9tT4/XGVsLJbcOIQfqx90UGXUQhNweg6mEk2LBMBYQjWIsFRAHkVS6wr3x6QwA/+lnBwAFJUt6luQZy+nReuEeYg8BWuHYO/sU6tbgGqZxMYZP4BYlIJWss2AQ0qoKcPBoYYaXUYYwowbcasOcxbsAiWwDLpE0AKCg...TdzynVgj4waenUMAnYkJto1Oo9PBTKezyWKcdCsseDcJMK9iYT6Or2BaJjs8s5GkSf/RqSm7vH6KAVrrDgeorDF9nCTX4pRUbq838MaSOiY6MDnVW9MET/M8vmDqB0Pvyb6RrcoGWUGdLGaPnMzitANmgHSvcWSgoI3Vugn9WcDgRKQkgH1WpRFBWfDh/CthVpprT5i2u7tLngC/rjmuSPDQ9y9CcnmVc5g8b2nU2MkCiPeHC4PT92KIRjQjUcOhG9ZY4QDHhflDjTsrKDRr3VxqmYqkkwGns564x38CA0zo2XZx3IJiq+baeVQL9db7QruJ2w8AzHMTvbZYaEC8ZFrEgms6lHTzdogx0iKJ0b1af9dFyt0zXVDNy9aPvCDuvbSm3H+6LEmZaVHTTqrfZtjurs5awz5gQeBG39soxOV+c367frjXbl4t8ue0xoA95+tU9Y6e2IdfEVIhAm1AnM18oXiOaQF7eyttXsHB6fnJ5f3t7dPzw9v7x/pQA= @ https://ir.ebaystatic.com/cr/v/c01/2cac181efccce874f0cb1e3f1fb6f44e.js:58
[    2243ms] [WARNING] OTS parsing error: Failed to convert WOFF 2.0 font to SFNT @ https://ir.ebaystatic.com/cr/v/c01/2cac181efccce874f0cb1e3f1fb6f44e.js:58
[    2373ms] [LOG] joinUs() at %ce%cb%ca%cy%c! font-weight:bold;color:#e53238; font-weight:bold;color:#0064d2 font-weight:bold;color:#f5af02 font-weight:bold;color:#86b817 color:black @ https://ir.ebaystatic.com/rs/c/srpnweb/common-eum_DYDF.js:1
[    2402ms] [WARNING] Failed to decode downloaded font: data:application/octet-stream;base64,d09GMgABAAAAAAUAAA0AAAAADdwAAASrAAEAAAAAAAAAAAAAAAAAAAAAAAAAAAAAP0ZGVE0cGhgGYACDLBEICoZAhTMLMgABNgIkA2AEIAWMEgdSGzgMEdWkGQN8cZDJ9Zg7pzKfphgbYyOGv23fVFTRRHM/nuffrv/2uXVbVf2kARDJSOVIioRoopkcUE68lf9o0AGQa93w+d//4Pfq9Npl6vhLFKKtgKAnn2MFJAts1+OSYezBsXyssAfL+8ilYYptd59Ji2jKskjbdB5F4yrMpPF8gJvIAAc6hwHidAznM5EZzzwRAt+e9tT4/XGVsLJbcOIQfqx90UGXUQhNweg6mEk2LBMBYQjWIsFRAHkVS6wr3x6QwA/+lnBwAFJUt6luQZy+nReuEeYg8BWuHYO/sU6tbgGqZxMYZP4BYlIJWss2AQ0qoKcPBoYYaXUYYwowbcasOcxbsAiWwDLpE0AKCg...TdzynVgj4waenUMAnYkJto1Oo9PBTKezyWKcdCsseDcJMK9iYT6Or2BaJjs8s5GkSf/RqSm7vH6KAVrrDgeorDF9nCTX4pRUbq838MaSOiY6MDnVW9MET/M8vmDqB0Pvyb6RrcoGWUGdLGaPnMzitANmgHSvcWSgoI3Vugn9WcDgRKQkgH1WpRFBWfDh/CthVpprT5i2u7tLngC/rjmuSPDQ9y9CcnmVc5g8b2nU2MkCiPeHC4PT92KIRjQjUcOhG9ZY4QDHhflDjTsrKDRr3VxqmYqkkwGns564x38CA0zo2XZx3IJiq+baeVQL9db7QruJ2w8AzHMTvbZYaEC8ZFrEgms6lHTzdogx0iKJ0b1af9dFyt0zXVDNy9aPvCDuvbSm3H+6LEmZaVHTTqrfZtjurs5awz5gQeBG39soxOV+c367frjXbl4t8ue0xoA95+tU9Y6e2IdfEVIhAm1AnM18oXiOaQF7eyttXsHB6fnJ5f3t7dPzw9v7x/pQA= @ https://ir.ebaystatic.com/rs/c/srpnweb/vendor-DRabP-1j.js:0
[    2402ms] [WARNING] OTS parsing error: Failed to convert WOFF 2.0 font to SFNT @ https://ir.ebaystatic.com/rs/c/srpnweb/vendor-DRabP-1j.js:0
[    2612ms] [WARNING] Failed to decode downloaded font: data:application/octet-stream;base64,d09GMgABAAAAAAUAAA0AAAAADdwAAASrAAEAAAAAAAAAAAAAAAAAAAAAAAAAAAAAP0ZGVE0cGhgGYACDLBEICoZAhTMLMgABNgIkA2AEIAWMEgdSGzgMEdWkGQN8cZDJ9Zg7pzKfphgbYyOGv23fVFTRRHM/nuffrv/2uXVbVf2kARDJSOVIioRoopkcUE68lf9o0AGQa93w+d//4Pfq9Npl6vhLFKKtgKAnn2MFJAts1+OSYezBsXyssAfL+8ilYYptd59Ji2jKskjbdB5F4yrMpPF8gJvIAAc6hwHidAznM5EZzzwRAt+e9tT4/XGVsLJbcOIQfqx90UGXUQhNweg6mEk2LBMBYQjWIsFRAHkVS6wr3x6QwA/+lnBwAFJUt6luQZy+nReuEeYg8BWuHYO/sU6tbgGqZxMYZP4BYlIJWss2AQ0qoKcPBoYYaXUYYwowbcasOcxbsAiWwDLpE0AKCg...TdzynVgj4waenUMAnYkJto1Oo9PBTKezyWKcdCsseDcJMK9iYT6Or2BaJjs8s5GkSf/RqSm7vH6KAVrrDgeorDF9nCTX4pRUbq838MaSOiY6MDnVW9MET/M8vmDqB0Pvyb6RrcoGWUGdLGaPnMzitANmgHSvcWSgoI3Vugn9WcDgRKQkgH1WpRFBWfDh/CthVpprT5i2u7tLngC/rjmuSPDQ9y9CcnmVc5g8b2nU2MkCiPeHC4PT92KIRjQjUcOhG9ZY4QDHhflDjTsrKDRr3VxqmYqkkwGns564x38CA0zo2XZx3IJiq+baeVQL9db7QruJ2w8AzHMTvbZYaEC8ZFrEgms6lHTzdogx0iKJ0b1af9dFyt0zXVDNy9aPvCDuvbSm3H+6LEmZaVHTTqrfZtjurs5awz5gQeBG39soxOV+c367frjXbl4t8ue0xoA95+tU9Y6e2IdfEVIhAm1AnM18oXiOaQF7eyttXsHB6fnJ5f3t7dPzw9v7x/pQA= @ https://ir.ebaystatic.com/cr/v/c01/ac-031226184928.dweb.min.js?callback=jsonp_1775158714362_91966:1
[    2612ms] [WARNING] OTS parsing error: Failed to convert WOFF 2.0 font to SFNT @ https://ir.ebaystatic.com/cr/v/c01/ac-031226184928.dweb.min.js?callback=jsonp_1775158714362_91966:1
[    2987ms] [WARNING] Failed to decode downloaded font: data:application/octet-stream;base64,d09GMgABAAAAAAUAAA0AAAAADdwAAASrAAEAAAAAAAAAAAAAAAAAAAAAAAAAAAAAP0ZGVE0cGhgGYACDLBEICoZAhTMLMgABNgIkA2AEIAWMEgdSGzgMEdWkGQN8cZDJ9Zg7pzKfphgbYyOGv23fVFTRRHM/nuffrv/2uXVbVf2kARDJSOVIioRoopkcUE68lf9o0AGQa93w+d//4Pfq9Npl6vhLFKKtgKAnn2MFJAts1+OSYezBsXyssAfL+8ilYYptd59Ji2jKskjbdB5F4yrMpPF8gJvIAAc6hwHidAznM5EZzzwRAt+e9tT4/XGVsLJbcOIQfqx90UGXUQhNweg6mEk2LBMBYQjWIsFRAHkVS6wr3x6QwA/+lnBwAFJUt6luQZy+nReuEeYg8BWuHYO/sU6tbgGqZxMYZP4BYlIJWss2AQ0qoKcPBoYYaXUYYwowbcasOcxbsAiWwDLpE0AKCg...TdzynVgj4waenUMAnYkJto1Oo9PBTKezyWKcdCsseDcJMK9iYT6Or2BaJjs8s5GkSf/RqSm7vH6KAVrrDgeorDF9nCTX4pRUbq838MaSOiY6MDnVW9MET/M8vmDqB0Pvyb6RrcoGWUGdLGaPnMzitANmgHSvcWSgoI3Vugn9WcDgRKQkgH1WpRFBWfDh/CthVpprT5i2u7tLngC/rjmuSPDQ9y9CcnmVc5g8b2nU2MkCiPeHC4PT92KIRjQjUcOhG9ZY4QDHhflDjTsrKDRr3VxqmYqkkwGns564x38CA0zo2XZx3IJiq+baeVQL9db7QruJ2w8AzHMTvbZYaEC8ZFrEgms6lHTzdogx0iKJ0b1af9dFyt0zXVDNy9aPvCDuvbSm3H+6LEmZaVHTTqrfZtjurs5awz5gQeBG39soxOV+c367frjXbl4t8ue0xoA95+tU9Y6e2IdfEVIhAm1AnM18oXiOaQF7eyttXsHB6fnJ5f3t7dPzw9v7x/pQA= @ https://www.ebay.com/sch/i.html?_nkw=segway:0
[    2987ms] [WARNING] OTS parsing error: Failed to convert WOFF 2.0 font to SFNT @ https://www.ebay.com/sch/i.html?_nkw=segway:0
[    3157ms] [LOG] done @ https://www.ebay.com/sch/i.html?_nkw=segway:4
[    3159ms] [WARNING] Failed to decode downloaded font: data:application/octet-stream;base64,d09GMgABAAAAAAUAAA0AAAAADdwAAASrAAEAAAAAAAAAAAAAAAAAAAAAAAAAAAAAP0ZGVE0cGhgGYACDLBEICoZAhTMLMgABNgIkA2AEIAWMEgdSGzgMEdWkGQN8cZDJ9Zg7pzKfphgbYyOGv23fVFTRRHM/nuffrv/2uXVbVf2kARDJSOVIioRoopkcUE68lf9o0AGQa93w+d//4Pfq9Npl6vhLFKKtgKAnn2MFJAts1+OSYezBsXyssAfL+8ilYYptd59Ji2jKskjbdB5F4yrMpPF8gJvIAAc6hwHidAznM5EZzzwRAt+e9tT4/XGVsLJbcOIQfqx90UGXUQhNweg6mEk2LBMBYQjWIsFRAHkVS6wr3x6QwA/+lnBwAFJUt6luQZy+nReuEeYg8BWuHYO/sU6tbgGqZxMYZP4BYlIJWss2AQ0qoKcPBoYYaXUYYwowbcasOcxbsAiWwDLpE0AKCg...TdzynVgj4waenUMAnYkJto1Oo9PBTKezyWKcdCsseDcJMK9iYT6Or2BaJjs8s5GkSf/RqSm7vH6KAVrrDgeorDF9nCTX4pRUbq838MaSOiY6MDnVW9MET/M8vmDqB0Pvyb6RrcoGWUGdLGaPnMzitANmgHSvcWSgoI3Vugn9WcDgRKQkgH1WpRFBWfDh/CthVpprT5i2u7tLngC/rjmuSPDQ9y9CcnmVc5g8b2nU2MkCiPeHC4PT92KIRjQjUcOhG9ZY4QDHhflDjTsrKDRr3VxqmYqkkwGns564x38CA0zo2XZx3IJiq+baeVQL9db7QruJ2w8AzHMTvbZYaEC8ZFrEgms6lHTzdogx0iKJ0b1af9dFyt0zXVDNy9aPvCDuvbSm3H+6LEmZaVHTTqrfZtjurs5awz5gQeBG39soxOV+c367frjXbl4t8ue0xoA95+tU9Y6e2IdfEVIhAm1AnM18oXiOaQF7eyttXsHB6fnJ5f3t7dPzw9v7x/pQA= @ https://www.ebay.com/sch/i.html?_nkw=segway:0
[    3159ms] [WARNING] OTS parsing error: Failed to convert WOFF 2.0 font to SFNT @ https://www.ebay.com/sch/i.html?_nkw=segway:0
[    3918ms] [ERROR] Attestation check for Shared Storage on https://www.googleadservices.com failed. @ https://www.googleadservices.com/pagead/managed/js/activeview/current/reach_worklet.html:0
[    3918ms] [ERROR] Attestation check for Shared Storage on https://www.googleadservices.com failed. @ https://www.googleadservices.com/pagead/managed/js/activeview/current/reach_worklet.html:0
[    3918ms] [ERROR] Attestation check for Shared Storage on https://www.googleadservices.com failed. @ https://www.googleadservices.com/pagead/managed/js/activeview/current/reach_worklet.html:0
[    3997ms] [ERROR] Attestation check for Shared Storage on https://www.googleadservices.com failed. @ https://www.googleadservices.com/pagead/managed/js/activeview/current/reach_worklet.html:0
[    4050ms] [ERROR] Attestation check for Shared Storage on https://www.googleadservices.com failed. @ https://www.googleadservices.com/pagead/managed/js/activeview/current/reach_worklet.html:0
[    3918ms] [ERROR] Attestation check for Shared Storage on https://www.googleadservices.com failed. @ https://www.googleadservices.com/pagead/managed/js/activeview/current/reach_worklet.html:0
[    3997ms] [ERROR] Attestation check for Shared Storage on https://www.googleadservices.com failed. @ https://www.googleadservices.com/pagead/managed/js/activeview/current/reach_worklet.html:0
[    4050ms] [ERROR] Attestation check for Shared Storage on https://www.googleadservices.com failed. @ https://www.googleadservices.com/pagead/managed/js/activeview/current/reach_worklet.html:0
[   33685ms] [ERROR] Attestation check for Shared Storage on https://www.googleadservices.com failed. @ https://www.googleadservices.com/pagead/managed/js/activeview/current/reach_worklet.html:0
[    3918ms] [ERROR] Attestation check for Shared Storage on https://www.googleadservices.com failed. @ https://www.googleadservices.com/pagead/managed/js/activeview/current/reach_worklet.html:0
[    3997ms] [ERROR] Attestation check for Shared Storage on https://www.googleadservices.com failed. @ https://www.googleadservices.com/pagead/managed/js/activeview/current/reach_worklet.html:0
[    4050ms] [ERROR] Attestation check for Shared Storage on https://www.googleadservices.com failed. @ https://www.googleadservices.com/pagead/managed/js/activeview/current/reach_worklet.html:0
[   33685ms] [ERROR] Attestation check for Shared Storage on https://www.googleadservices.com failed. @ https://www.googleadservices.com/pagead/managed/js/activeview/current/reach_worklet.html:0
[   63674ms] [ERROR] Attestation check for Shared Storage on https://www.googleadservices.com failed. @ https://www.googleadservices.com/pagead/managed/js/activeview/current/reach_worklet.html:0
[    3918ms] [ERROR] Attestation check for Shared Storage on https://www.googleadservices.com failed. @ https://www.googleadservices.com/pagead/managed/js/activeview/current/reach_worklet.html:0
[    3997ms] [ERROR] Attestation check for Shared Storage on https://www.googleadservices.com failed. @ https://www.googleadservices.com/pagead/managed/js/activeview/current/reach_worklet.html:0
[    4050ms] [ERROR] Attestation check for Shared Storage on https://www.googleadservices.com failed. @ https://www.googleadservices.com/pagead/managed/js/activeview/current/reach_worklet.html:0
[   33685ms] [ERROR] Attestation check for Shared Storage on https://www.googleadservices.com failed. @ https://www.googleadservices.com/pagead/managed/js/activeview/current/reach_worklet.html:0
[   63674ms] [ERROR] Attestation check for Shared Storage on https://www.googleadservices.com failed. @ https://www.googleadservices.com/pagead/managed/js/activeview/current/reach_worklet.html:0
[   93711ms] [ERROR] Attestation check for Shared Storage on https://www.googleadservices.com failed. @ https://www.googleadservices.com/pagead/managed/js/activeview/current/reach_worklet.html:0
[    3918ms] [ERROR] Attestation check for Shared Storage on https://www.googleadservices.com failed. @ https://www.googleadservices.com/pagead/managed/js/activeview/current/reach_worklet.html:0
[    3997ms] [ERROR] Attestation check for Shared Storage on https://www.googleadservices.com failed. @ https://www.googleadservices.com/pagead/managed/js/activeview/current/reach_worklet.html:0
[    4050ms] [ERROR] Attestation check for Shared Storage on https://www.googleadservices.com failed. @ https://www.googleadservices.com/pagead/managed/js/activeview/current/reach_worklet.html:0
[   33685ms] [ERROR] Attestation check for Shared Storage on https://www.googleadservices.com failed. @ https://www.googleadservices.com/pagead/managed/js/activeview/current/reach_worklet.html:0
[   63674ms] [ERROR] Attestation check for Shared Storage on https://www.googleadservices.com failed. @ https://www.googleadservices.com/pagead/managed/js/activeview/current/reach_worklet.html:0
[   93711ms] [ERROR] Attestation check for Shared Storage on https://www.googleadservices.com failed. @ https://www.googleadservices.com/pagead/managed/js/activeview/current/reach_worklet.html:0
[  123597ms] [ERROR] Attestation check for Shared Storage on https://www.googleadservices.com failed. @ https://www.googleadservices.com/pagead/managed/js/activeview/current/reach_worklet.html:0
[    3918ms] [ERROR] Attestation check for Shared Storage on https://www.googleadservices.com failed. @ https://www.googleadservices.com/pagead/managed/js/activeview/current/reach_worklet.html:0
[    3997ms] [ERROR] Attestation check for Shared Storage on https://www.googleadservices.com failed. @ https://www.googleadservices.com/pagead/managed/js/activeview/current/reach_worklet.html:0
[    4050ms] [ERROR] Attestation check for Shared Storage on https://www.googleadservices.com failed. @ https://www.googleadservices.com/pagead/managed/js/activeview/current/reach_worklet.html:0
[   33685ms] [ERROR] Attestation check for Shared Storage on https://www.googleadservices.com failed. @ https://www.googleadservices.com/pagead/managed/js/activeview/current/reach_worklet.html:0
[   63674ms] [ERROR] Attestation check for Shared Storage on https://www.googleadservices.com failed. @ https://www.googleadservices.com/pagead/managed/js/activeview/current/reach_worklet.html:0
[   93711ms] [ERROR] Attestation check for Shared Storage on https://www.googleadservices.com failed. @ https://www.googleadservices.com/pagead/managed/js/activeview/current/reach_worklet.html:0
[  123597ms] [ERROR] Attestation check for Shared Storage on https://www.googleadservices.com failed. @ https://www.googleadservices.com/pagead/managed/js/activeview/current/reach_worklet.html:0
[  153577ms] [ERROR] Attestation check for Shared Storage on https://www.googleadservices.com failed. @ https://www.googleadservices.com/pagead/managed/js/activeview/current/reach_worklet.html:0
[    3918ms] [ERROR] Attestation check for Shared Storage on https://www.googleadservices.com failed. @ https://www.googleadservices.com/pagead/managed/js/activeview/current/reach_worklet.html:0
[    3997ms] [ERROR] Attestation check for Shared Storage on https://www.googleadservices.com failed. @ https://www.googleadservices.com/pagead/managed/js/activeview/current/reach_worklet.html:0
[    4050ms] [ERROR] Attestation check for Shared Storage on https://www.googleadservices.com failed. @ https://www.googleadservices.com/pagead/managed/js/activeview/current/reach_worklet.html:0
[   33685ms] [ERROR] Attestation check for Shared Storage on https://www.googleadservices.com failed. @ https://www.googleadservices.com/pagead/managed/js/activeview/current/reach_worklet.html:0
[   63674ms] [ERROR] Attestation check for Shared Storage on https://www.googleadservices.com failed. @ https://www.googleadservices.com/pagead/managed/js/activeview/current/reach_worklet.html:0
[   93711ms] [ERROR] Attestation check for Shared Storage on https://www.googleadservices.com failed. @ https://www.googleadservices.com/pagead/managed/js/activeview/current/reach_worklet.html:0
[  123597ms] [ERROR] Attestation check for Shared Storage on https://www.googleadservices.com failed. @ https://www.googleadservices.com/pagead/managed/js/activeview/current/reach_worklet.html:0
[  153577ms] [ERROR] Attestation check for Shared Storage on https://www.googleadservices.com failed. @ https://www.googleadservices.com/pagead/managed/js/activeview/current/reach_worklet.html:0
[  183649ms] [ERROR] Attestation check for Shared Storage on https://www.googleadservices.com failed. @ https://www.googleadservices.com/pagead/managed/js/activeview/current/reach_worklet.html:0
[    3918ms] [ERROR] Attestation check for Shared Storage on https://www.googleadservices.com failed. @ https://www.googleadservices.com/pagead/managed/js/activeview/current/reach_worklet.html:0
[    3997ms] [ERROR] Attestation check for Shared Storage on https://www.googleadservices.com failed. @ https://www.googleadservices.com/pagead/managed/js/activeview/current/reach_worklet.html:0
[    4050ms] [ERROR] Attestation check for Shared Storage on https://www.googleadservices.com failed. @ https://www.googleadservices.com/pagead/managed/js/activeview/current/reach_worklet.html:0
[   33685ms] [ERROR] Attestation check for Shared Storage on https://www.googleadservices.com failed. @ https://www.googleadservices.com/pagead/managed/js/activeview/current/reach_worklet.html:0
[   63674ms] [ERROR] Attestation check for Shared Storage on https://www.googleadservices.com failed. @ https://www.googleadservices.com/pagead/managed/js/activeview/current/reach_worklet.html:0
[   93711ms] [ERROR] Attestation check for Shared Storage on https://www.googleadservices.com failed. @ https://www.googleadservices.com/pagead/managed/js/activeview/current/reach_worklet.html:0
[  123597ms] [ERROR] Attestation check for Shared Storage on https://www.googleadservices.com failed. @ https://www.googleadservices.com/pagead/managed/js/activeview/current/reach_worklet.html:0
[  153577ms] [ERROR] Attestation check for Shared Storage on https://www.googleadservices.com failed. @ https://www.googleadservices.com/pagead/managed/js/activeview/current/reach_worklet.html:0
[  183649ms] [ERROR] Attestation check for Shared Storage on https://www.googleadservices.com failed. @ https://www.googleadservices.com/pagead/managed/js/activeview/current/reach_worklet.html:0
[  213593ms] [ERROR] Attestation check for Shared Storage on https://www.googleadservices.com failed. @ https://www.googleadservices.com/pagead/managed/js/activeview/current/reach_worklet.html:0
[    3918ms] [ERROR] Attestation check for Shared Storage on https://www.googleadservices.com failed. @ https://www.googleadservices.com/pagead/managed/js/activeview/current/reach_worklet.html:0
[    3997ms] [ERROR] Attestation check for Shared Storage on https://www.googleadservices.com failed. @ https://www.googleadservices.com/pagead/managed/js/activeview/current/reach_worklet.html:0
[    4050ms] [ERROR] Attestation check for Shared Storage on https://www.googleadservices.com failed. @ https://www.googleadservices.com/pagead/managed/js/activeview/current/reach_worklet.html:0
[   33685ms] [ERROR] Attestation check for Shared Storage on https://www.googleadservices.com failed. @ https://www.googleadservices.com/pagead/managed/js/activeview/current/reach_worklet.html:0
[   63674ms] [ERROR] Attestation check for Shared Storage on https://www.googleadservices.com failed. @ https://www.googleadservices.com/pagead/managed/js/activeview/current/reach_worklet.html:0
[   93711ms] [ERROR] Attestation check for Shared Storage on https://www.googleadservices.com failed. @ https://www.googleadservices.com/pagead/managed/js/activeview/current/reach_worklet.html:0
[  123597ms] [ERROR] Attestation check for Shared Storage on https://www.googleadservices.com failed. @ https://www.googleadservices.com/pagead/managed/js/activeview/current/reach_worklet.html:0
[  153577ms] [ERROR] Attestation check for Shared Storage on https://www.googleadservices.com failed. @ https://www.googleadservices.com/pagead/managed/js/activeview/current/reach_worklet.html:0
[  183649ms] [ERROR] Attestation check for Shared Storage on https://www.googleadservices.com failed. @ https://www.googleadservices.com/pagead/managed/js/activeview/current/reach_worklet.html:0
[  213593ms] [ERROR] Attestation check for Shared Storage on https://www.googleadservices.com failed. @ https://www.googleadservices.com/pagead/managed/js/activeview/current/reach_worklet.html:0
[  243615ms] [ERROR] Attestation check for Shared Storage on https://www.googleadservices.com failed. @ https://www.googleadservices.com/pagead/managed/js/activeview/current/reach_worklet.html:0
[    3918ms] [ERROR] Attestation check for Shared Storage on https://www.googleadservices.com failed. @ https://www.googleadservices.com/pagead/managed/js/activeview/current/reach_worklet.html:0
[    3997ms] [ERROR] Attestation check for Shared Storage on https://www.googleadservices.com failed. @ https://www.googleadservices.com/pagead/managed/js/activeview/current/reach_worklet.html:0
[    4050ms] [ERROR] Attestation check for Shared Storage on https://www.googleadservices.com failed. @ https://www.googleadservices.com/pagead/managed/js/activeview/current/reach_worklet.html:0
[   33685ms] [ERROR] Attestation check for Shared Storage on https://www.googleadservices.com failed. @ https://www.googleadservices.com/pagead/managed/js/activeview/current/reach_worklet.html:0
[   63674ms] [ERROR] Attestation check for Shared Storage on https://www.googleadservices.com failed. @ https://www.googleadservices.com/pagead/managed/js/activeview/current/reach_worklet.html:0
[   93711ms] [ERROR] Attestation check for Shared Storage on https://www.googleadservices.com failed. @ https://www.googleadservices.com/pagead/managed/js/activeview/current/reach_worklet.html:0
[  123597ms] [ERROR] Attestation check for Shared Storage on https://www.googleadservices.com failed. @ https://www.googleadservices.com/pagead/managed/js/activeview/current/reach_worklet.html:0
[  153577ms] [ERROR] Attestation check for Shared Storage on https://www.googleadservices.com failed. @ https://www.googleadservices.com/pagead/managed/js/activeview/current/reach_worklet.html:0
[  183649ms] [ERROR] Attestation check for Shared Storage on https://www.googleadservices.com failed. @ https://www.googleadservices.com/pagead/managed/js/activeview/current/reach_worklet.html:0
[  213593ms] [ERROR] Attestation check for Shared Storage on https://www.googleadservices.com failed. @ https://www.googleadservices.com/pagead/managed/js/activeview/current/reach_worklet.html:0
[  243615ms] [ERROR] Attestation check for Shared Storage on https://www.googleadservices.com failed. @ https://www.googleadservices.com/pagead/managed/js/activeview/current/reach_worklet.html:0
[  273726ms] [ERROR] Attestation check for Shared Storage on https://www.googleadservices.com failed. @ https://www.googleadservices.com/pagead/managed/js/activeview/current/reach_worklet.html:0
[    3918ms] [ERROR] Attestation check for Shared Storage on https://www.googleadservices.com failed. @ https://www.googleadservices.com/pagead/managed/js/activeview/current/reach_worklet.html:0
[    3997ms] [ERROR] Attestation check for Shared Storage on https://www.googleadservices.com failed. @ https://www.googleadservices.com/pagead/managed/js/activeview/current/reach_worklet.html:0
[    4050ms] [ERROR] Attestation check for Shared Storage on https://www.googleadservices.com failed. @ https://www.googleadservices.com/pagead/managed/js/activeview/current/reach_worklet.html:0
[   33685ms] [ERROR] Attestation check for Shared Storage on https://www.googleadservices.com failed. @ https://www.googleadservices.com/pagead/managed/js/activeview/current/reach_worklet.html:0
[   63674ms] [ERROR] Attestation check for Shared Storage on https://www.googleadservices.com failed. @ https://www.googleadservices.com/pagead/managed/js/activeview/current/reach_worklet.html:0
[   93711ms] [ERROR] Attestation check for Shared Storage on https://www.googleadservices.com failed. @ https://www.googleadservices.com/pagead/managed/js/activeview/current/reach_worklet.html:0
[  123597ms] [ERROR] Attestation check for Shared Storage on https://www.googleadservices.com failed. @ https://www.googleadservices.com/pagead/managed/js/activeview/current/reach_worklet.html:0
[  153577ms] [ERROR] Attestation check for Shared Storage on https://www.googleadservices.com failed. @ https://www.googleadservices.com/pagead/managed/js/activeview/current/reach_worklet.html:0
[  183649ms] [ERROR] Attestation check for Shared Storage on https://www.googleadservices.com failed. @ https://www.googleadservices.com/pagead/managed/js/activeview/current/reach_worklet.html:0
[  213593ms] [ERROR] Attestation check for Shared Storage on https://www.googleadservices.com failed. @ https://www.googleadservices.com/pagead/managed/js/activeview/current/reach_worklet.html:0
[  243615ms] [ERROR] Attestation check for Shared Storage on https://www.googleadservices.com failed. @ https://www.googleadservices.com/pagead/managed/js/activeview/current/reach_worklet.html:0
[  273726ms] [ERROR] Attestation check for Shared Storage on https://www.googleadservices.com failed. @ https://www.googleadservices.com/pagead/managed/js/activeview/current/reach_worklet.html:0
[  304079ms] [ERROR] Attestation check for Shared Storage on https://www.googleadservices.com failed. @ https://www.googleadservices.com/pagead/managed/js/activeview/current/reach_worklet.html:0
[    3918ms] [ERROR] Attestation check for Shared Storage on https://www.googleadservices.com failed. @ https://www.googleadservices.com/pagead/managed/js/activeview/current/reach_worklet.html:0
[    3997ms] [ERROR] Attestation check for Shared Storage on https://www.googleadservices.com failed. @ https://www.googleadservices.com/pagead/managed/js/activeview/current/reach_worklet.html:0
[    4050ms] [ERROR] Attestation check for Shared Storage on https://www.googleadservices.com failed. @ https://www.googleadservices.com/pagead/managed/js/activeview/current/reach_worklet.html:0
[   33685ms] [ERROR] Attestation check for Shared Storage on https://www.googleadservices.com failed. @ https://www.googleadservices.com/pagead/managed/js/activeview/current/reach_worklet.html:0
[   63674ms] [ERROR] Attestation check for Shared Storage on https://www.googleadservices.com failed. @ https://www.googleadservices.com/pagead/managed/js/activeview/current/reach_worklet.html:0
[   93711ms] [ERROR] Attestation check for Shared Storage on https://www.googleadservices.com failed. @ https://www.googleadservices.com/pagead/managed/js/activeview/current/reach_worklet.html:0
[  123597ms] [ERROR] Attestation check for Shared Storage on https://www.googleadservices.com failed. @ https://www.googleadservices.com/pagead/managed/js/activeview/current/reach_worklet.html:0
[  153577ms] [ERROR] Attestation check for Shared Storage on https://www.googleadservices.com failed. @ https://www.googleadservices.com/pagead/managed/js/activeview/current/reach_worklet.html:0
[  183649ms] [ERROR] Attestation check for Shared Storage on https://www.googleadservices.com failed. @ https://www.googleadservices.com/pagead/managed/js/activeview/current/reach_worklet.html:0
[  213593ms] [ERROR] Attestation check for Shared Storage on https://www.googleadservices.com failed. @ https://www.googleadservices.com/pagead/managed/js/activeview/current/reach_worklet.html:0
[  243615ms] [ERROR] Attestation check for Shared Storage on https://www.googleadservices.com failed. @ https://www.googleadservices.com/pagead/managed/js/activeview/current/reach_worklet.html:0
[  273726ms] [ERROR] Attestation check for Shared Storage on https://www.googleadservices.com failed. @ https://www.googleadservices.com/pagead/managed/js/activeview/current/reach_worklet.html:0
[  304079ms] [ERROR] Attestation check for Shared Storage on https://www.googleadservices.com failed. @ https://www.googleadservices.com/pagead/managed/js/activeview/current/reach_worklet.html:0
[  333653ms] [ERROR] Attestation check for Shared Storage on https://www.googleadservices.com failed. @ https://www.googleadservices.com/pagead/managed/js/activeview/current/reach_worklet.html:0
[    3918ms] [ERROR] Attestation check for Shared Storage on https://www.googleadservices.com failed. @ https://www.googleadservices.com/pagead/managed/js/activeview/current/reach_worklet.html:0
[    3997ms] [ERROR] Attestation check for Shared Storage on https://www.googleadservices.com failed. @ https://www.googleadservices.com/pagead/managed/js/activeview/current/reach_worklet.html:0
[    4050ms] [ERROR] Attestation check for Shared Storage on https://www.googleadservices.com failed. @ https://www.googleadservices.com/pagead/managed/js/activeview/current/reach_worklet.html:0
[   33685ms] [ERROR] Attestation check for Shared Storage on https://www.googleadservices.com failed. @ https://www.googleadservices.com/pagead/managed/js/activeview/current/reach_worklet.html:0
[   63674ms] [ERROR] Attestation check for Shared Storage on https://www.googleadservices.com failed. @ https://www.googleadservices.com/pagead/managed/js/activeview/current/reach_worklet.html:0
[   93711ms] [ERROR] Attestation check for Shared Storage on https://www.googleadservices.com failed. @ https://www.googleadservices.com/pagead/managed/js/activeview/current/reach_worklet.html:0
[  123597ms] [ERROR] Attestation check for Shared Storage on https://www.googleadservices.com failed. @ https://www.googleadservices.com/pagead/managed/js/activeview/current/reach_worklet.html:0
[  153577ms] [ERROR] Attestation check for Shared Storage on https://www.googleadservices.com failed. @ https://www.googleadservices.com/pagead/managed/js/activeview/current/reach_worklet.html:0
[  183649ms] [ERROR] Attestation check for Shared Storage on https://www.googleadservices.com failed. @ https://www.googleadservices.com/pagead/managed/js/activeview/current/reach_worklet.html:0
[  213593ms] [ERROR] Attestation check for Shared Storage on https://www.googleadservices.com failed. @ https://www.googleadservices.com/pagead/managed/js/activeview/current/reach_worklet.html:0
[  243615ms] [ERROR] Attestation check for Shared Storage on https://www.googleadservices.com failed. @ https://www.googleadservices.com/pagead/managed/js/activeview/current/reach_worklet.html:0
[  273726ms] [ERROR] Attestation check for Shared Storage on https://www.googleadservices.com failed. @ https://www.googleadservices.com/pagead/managed/js/activeview/current/reach_worklet.html:0
[  304079ms] [ERROR] Attestation check for Shared Storage on https://www.googleadservices.com failed. @ https://www.googleadservices.com/pagead/managed/js/activeview/current/reach_worklet.html:0
[  333653ms] [ERROR] Attestation check for Shared Storage on https://www.googleadservices.com failed. @ https://www.googleadservices.com/pagead/managed/js/activeview/current/reach_worklet.html:0
[  363590ms] [ERROR] Attestation check for Shared Storage on https://www.googleadservices.com failed. @ https://www.googleadservices.com/pagead/managed/js/activeview/current/reach_worklet.html:0
[    3918ms] [ERROR] Attestation check for Shared Storage on https://www.googleadservices.com failed. @ https://www.googleadservices.com/pagead/managed/js/activeview/current/reach_worklet.html:0
[    3997ms] [ERROR] Attestation check for Shared Storage on https://www.googleadservices.com failed. @ https://www.googleadservices.com/pagead/managed/js/activeview/current/reach_worklet.html:0
[    4050ms] [ERROR] Attestation check for Shared Storage on https://www.googleadservices.com failed. @ https://www.googleadservices.com/pagead/managed/js/activeview/current/reach_worklet.html:0
[   33685ms] [ERROR] Attestation check for Shared Storage on https://www.googleadservices.com failed. @ https://www.googleadservices.com/pagead/managed/js/activeview/current/reach_worklet.html:0
[   63674ms] [ERROR] Attestation check for Shared Storage on https://www.googleadservices.com failed. @ https://www.googleadservices.com/pagead/managed/js/activeview/current/reach_worklet.html:0
[   93711ms] [ERROR] Attestation check for Shared Storage on https://www.googleadservices.com failed. @ https://www.googleadservices.com/pagead/managed/js/activeview/current/reach_worklet.html:0
[  123597ms] [ERROR] Attestation check for Shared Storage on https://www.googleadservices.com failed. @ https://www.googleadservices.com/pagead/managed/js/activeview/current/reach_worklet.html:0
[  153577ms] [ERROR] Attestation check for Shared Storage on https://www.googleadservices.com failed. @ https://www.googleadservices.com/pagead/managed/js/activeview/current/reach_worklet.html:0
[  183649ms] [ERROR] Attestation check for Shared Storage on https://www.googleadservices.com failed. @ https://www.googleadservices.com/pagead/managed/js/activeview/current/reach_worklet.html:0
[  213593ms] [ERROR] Attestation check for Shared Storage on https://www.googleadservices.com failed. @ https://www.googleadservices.com/pagead/managed/js/activeview/current/reach_worklet.html:0
[  243615ms] [ERROR] Attestation check for Shared Storage on https://www.googleadservices.com failed. @ https://www.googleadservices.com/pagead/managed/js/activeview/current/reach_worklet.html:0
[  273726ms] [ERROR] Attestation check for Shared Storage on https://www.googleadservices.com failed. @ https://www.googleadservices.com/pagead/managed/js/activeview/current/reach_worklet.html:0
[  304079ms] [ERROR] Attestation check for Shared Storage on https://www.googleadservices.com failed. @ https://www.googleadservices.com/pagead/managed/js/activeview/current/reach_worklet.html:0
[  333653ms] [ERROR] Attestation check for Shared Storage on https://www.googleadservices.com failed. @ https://www.googleadservices.com/pagead/managed/js/activeview/current/reach_worklet.html:0
[  363590ms] [ERROR] Attestation check for Shared Storage on https://www.googleadservices.com failed. @ https://www.googleadservices.com/pagead/managed/js/activeview/current/reach_worklet.html:0
[  393755ms] [ERROR] Attestation check for Shared Storage on https://www.googleadservices.com failed. @ https://www.googleadservices.com/pagead/managed/js/activeview/current/reach_worklet.html:0
